app/build/intermediates/manifest_merge_blame_file/debug/manifest-merger-blame-debug-report.txt
1<?xml version="1.0" encoding="utf-8"?>
2<manifest xmlns:android="http://schemas.android.com/apk/res/android"
3    package="com.hms.referenceapp.muhit"
4    android:versionCode="1"
5    android:versionName="1" >
6
7    <uses-sdk
8        android:minSdkVersion="19"
8-->src\main\AndroidManifest.xml
9        android:targetSdkVersion="30" />
9-->src\main\AndroidManifest.xml
10
11    <uses-permission android:name="android.permission.INTERNET" />
11-->src\main\AndroidManifest.xml:5:5-67
11-->src\main\AndroidManifest.xml:5:22-64
12    <uses-permission android:name="android.permission.ACCESS_NETWORK_STATE" />
12-->src\main\AndroidManifest.xml:6:5-79
12-->src\main\AndroidManifest.xml:6:22-76
13    <uses-permission android:name="android.permission.ACCESS_COARSE_LOCATION" />
13-->src\main\AndroidManifest.xml:7:5-81
13-->src\main\AndroidManifest.xml:7:22-78
14    <uses-permission android:name="android.permission.ACCESS_FINE_LOCATION" />
14-->src\main\AndroidManifest.xml:8:5-79
14-->src\main\AndroidManifest.xml:8:22-76
15    <uses-permission android:name="android.permission.ACCESS_BACKGROUND_LOCATION" />
15-->src\main\AndroidManifest.xml:9:5-85
15-->src\main\AndroidManifest.xml:9:22-82
16
17    <!-- HMS-SDK引导升级HMS功能，保存下载的升级包需要SD卡写权限 -->
18    <uses-permission android:name="android.permission.WRITE_EXTERNAL_STORAGE" /> <!-- 如果是安卓8.0，应用编译配置的targetSdkVersion>=26，请务必添加以下权限 -->
18-->[com.huawei.hms:availableupdate:5.1.0.300] AndroidManifest.xml:12:5-81
18-->[com.huawei.hms:availableupdate:5.1.0.300] AndroidManifest.xml:12:22-78
19    <uses-permission android:name="android.permission.REQUEST_INSTALL_PACKAGES" /> <!-- 应用市场9.0版本必须使用该权限获取用户的服务地 -->
19-->[com.huawei.hms:availableupdate:5.1.0.300] AndroidManifest.xml:16:5-83
19-->[com.huawei.hms:availableupdate:5.1.0.300] AndroidManifest.xml:16:22-80
20    <uses-permission android:name="com.huawei.appmarket.service.commondata.permission.GET_COMMON_DATA" />
20-->[com.huawei.hms:availableupdate:5.1.0.300] AndroidManifest.xml:18:5-106
20-->[com.huawei.hms:availableupdate:5.1.0.300] AndroidManifest.xml:18:22-103
21    <uses-permission android:name="android.permission.READ_EXTERNAL_STORAGE" />
22
23    <application
23-->src\main\AndroidManifest.xml:11:5-28:19
24        android:allowBackup="true"
24-->src\main\AndroidManifest.xml:12:9-35
25        android:appComponentFactory="androidx.core.app.CoreComponentFactory"
25-->[androidx.core:core:1.5.0] AndroidManifest.xml:24:18-86
26        android:configChanges="orientation|keyboardHidden|screenSize"
26-->src\main\AndroidManifest.xml:13:9-70
27        android:debuggable="true"
28        android:icon="@drawable/logo"
28-->src\main\AndroidManifest.xml:14:9-38
29        android:label="@string/app_name"
29-->src\main\AndroidManifest.xml:15:9-41
30        android:logo="@drawable/logo"
30-->src\main\AndroidManifest.xml:16:9-38
31        android:roundIcon="@drawable/logo"
31-->src\main\AndroidManifest.xml:17:9-43
32        android:supportsRtl="true"
32-->src\main\AndroidManifest.xml:18:9-35
33        android:testOnly="true"
34        android:theme="@style/AppTheme" >
34-->src\main\AndroidManifest.xml:19:9-40
35        <activity android:name="com.hms.referenceapp.muhit.ui.SplashActivity" >
35-->src\main\AndroidManifest.xml:20:9-26:20
35-->src\main\AndroidManifest.xml:20:19-52
36            <intent-filter>
36-->src\main\AndroidManifest.xml:21:13-25:29
37                <action android:name="android.intent.action.MAIN" />
37-->src\main\AndroidManifest.xml:22:17-69
37-->src\main\AndroidManifest.xml:22:25-66
38
39                <category android:name="android.intent.category.LAUNCHER" />
39-->src\main\AndroidManifest.xml:24:17-77
39-->src\main\AndroidManifest.xml:24:27-74
40            </intent-filter>
41        </activity>
42        <activity android:name="com.hms.referenceapp.muhit.ui.MainActivity" />
42-->src\main\AndroidManifest.xml:27:9-52
42-->src\main\AndroidManifest.xml:27:19-50
43        <!-- 声明Kit SDK的名称和版本号 -->
44        <!-- Declare the SDK name and version -->
45        <meta-data
45-->[com.huawei.hms:location:5.1.0.300] AndroidManifest.xml:15:9-17:52
46            android:name="com.huawei.hms.client.service.name:location"
46-->[com.huawei.hms:location:5.1.0.300] AndroidManifest.xml:16:13-71
47            android:value="location:SDK-VERSION" /> <!-- 声明对Kit服务依赖的最低API Level -->
47-->[com.huawei.hms:location:5.1.0.300] AndroidManifest.xml:17:13-49
48        <!-- Declare minSdkVersion required for using the kit -->
49        <meta-data
49-->[com.huawei.hms:location:5.1.0.300] AndroidManifest.xml:20:9-22:33
50            android:name="com.huawei.hms.min_api_level:location:location"
50-->[com.huawei.hms:location:5.1.0.300] AndroidManifest.xml:21:13-74
51            android:value="1" /> <!-- 关掉打点上报初始化 -->
51-->[com.huawei.hms:location:5.1.0.300] AndroidManifest.xml:22:13-30
52        <!-- Disable reporting of O&M logs -->
53        <meta-data
53-->[com.huawei.hms:location:5.1.0.300] AndroidManifest.xml:25:9-27:36
54            android:name="com.huawei.hms.client.bi.setting"
54-->[com.huawei.hms:location:5.1.0.300] AndroidManifest.xml:26:13-60
55            android:value="true" />
55-->[com.huawei.hms:location:5.1.0.300] AndroidManifest.xml:27:13-33
56        <meta-data
56-->[com.huawei.hms:location:5.1.0.300] AndroidManifest.xml:28:9-30:37
57            android:name="com.huawei.hms.client.channel.androidMarket"
57-->[com.huawei.hms:location:5.1.0.300] AndroidManifest.xml:29:13-71
58            android:value="false" />
58-->[com.huawei.hms:location:5.1.0.300] AndroidManifest.xml:30:13-34
59        <meta-data
59-->[com.huawei.hms:maps:5.2.0.301] AndroidManifest.xml:12:9-14:41
60            android:name="com.huawei.hms.map.version"
60-->[com.huawei.hms:maps:5.2.0.301] AndroidManifest.xml:13:13-54
61            android:value="5.0.1.300" />
61-->[com.huawei.hms:maps:5.2.0.301] AndroidManifest.xml:14:13-38
62        <meta-data
62-->[com.huawei.hms:maps:5.2.0.301] AndroidManifest.xml:15:9-17:46
63            android:name="com.huawei.hms.client.service.name:maps"
63-->[com.huawei.hms:maps:5.2.0.301] AndroidManifest.xml:16:13-67
64            android:value="maps:5.2.0.301" />
64-->[com.huawei.hms:maps:5.2.0.301] AndroidManifest.xml:17:13-43
65        <meta-data
65-->[com.huawei.hms:maps:5.2.0.301] AndroidManifest.xml:18:9-20:33
66            android:name="com.huawei.hms.min_api_level:maps:huawei_module_maps"
66-->[com.huawei.hms:maps:5.2.0.301] AndroidManifest.xml:19:13-80
67            android:value="7" />
67-->[com.huawei.hms:maps:5.2.0.301] AndroidManifest.xml:20:13-30
68        <meta-data
68-->[com.huawei.hms:maps:5.2.0.301] AndroidManifest.xml:21:9-23:33
69            android:name="com.huawei.hms.min_api_level:maps:huawei_module_huaweimaps"
69-->[com.huawei.hms:maps:5.2.0.301] AndroidManifest.xml:22:13-86
70            android:value="7" />
70-->[com.huawei.hms:maps:5.2.0.301] AndroidManifest.xml:23:13-30
71        <meta-data
71-->[com.huawei.hms:site:5.1.0.300] AndroidManifest.xml:12:9-14:46
72            android:name="com.huawei.hms.client.service.name:site"
72-->[com.huawei.hms:site:5.1.0.300] AndroidManifest.xml:13:13-67
73            android:value="site:5.1.0.300" />
73-->[com.huawei.hms:site:5.1.0.300] AndroidManifest.xml:14:13-43
74        <meta-data
74-->[com.huawei.hms:site:5.1.0.300] AndroidManifest.xml:15:9-17:33
75            android:name="com.huawei.hms.min_api_level:site:site"
75-->[com.huawei.hms:site:5.1.0.300] AndroidManifest.xml:16:13-66
76            android:value="8" />
76-->[com.huawei.hms:site:5.1.0.300] AndroidManifest.xml:17:13-30
77
78        <activity
78-->[com.huawei.hms:site:5.1.0.300] AndroidManifest.xml:19:9-23:75
79            android:name="com.huawei.hms.site.widget.SearchActivity"
79-->[com.huawei.hms:site:5.1.0.300] AndroidManifest.xml:20:13-69
80            android:exported="false"
80-->[com.huawei.hms:site:5.1.0.300] AndroidManifest.xml:21:13-37
81            android:label="@string/SearchActivity"
81-->[com.huawei.hms:site:5.1.0.300] AndroidManifest.xml:22:13-51
82            android:theme="@style/Theme.AppCompat.DayNight.NoActionBar" />
82-->[com.huawei.hms:site:5.1.0.300] AndroidManifest.xml:23:13-72
83        <!--
84        为后续统计第三方app集成了哪些Kit，因此需要Kit在自己的AndroidManifest.xml文件中定义业务标签元数据，
85        流水线打包时会替换成HMSVER对应的版本号，不要手动修改
86        -->
87        <meta-data
87-->[com.huawei.hms:base:5.1.0.300] AndroidManifest.xml:18:9-20:46
88            android:name="com.huawei.hms.client.service.name:base"
88-->[com.huawei.hms:base:5.1.0.300] AndroidManifest.xml:19:13-67
89            android:value="base:5.1.0.300" /> <!-- SDK依赖的HMSCore的最低api level元数据 -->
89-->[com.huawei.hms:base:5.1.0.300] AndroidManifest.xml:20:13-43
90        <meta-data
90-->[com.huawei.hms:base:5.1.0.300] AndroidManifest.xml:23:9-25:33
91            android:name="com.huawei.hms.min_api_level:base:hmscore"
91-->[com.huawei.hms:base:5.1.0.300] AndroidManifest.xml:24:13-69
92            android:value="1" />
92-->[com.huawei.hms:base:5.1.0.300] AndroidManifest.xml:25:13-30
93        <meta-data
93-->[com.huawei.hms:dynamic-api:1.0.15.302] AndroidManifest.xml:12:9-14:54
94            android:name="com.huawei.hms.client.service.name:dynamic-api"
94-->[com.huawei.hms:dynamic-api:1.0.15.302] AndroidManifest.xml:13:13-74
95            android:value="dynamic-api:1.0.15.302" />
95-->[com.huawei.hms:dynamic-api:1.0.15.302] AndroidManifest.xml:14:13-51
96        <meta-data
96-->[com.huawei.hms:dynamic-api:1.0.15.302] AndroidManifest.xml:15:9-17:33
97            android:name="com.huawei.hms.min_api_level:dynamic-api:huawei_module_dynamicloader"
97-->[com.huawei.hms:dynamic-api:1.0.15.302] AndroidManifest.xml:16:13-96
98            android:value="4" /> <!-- 用于判断是否集成了本lib -->
98-->[com.huawei.hms:dynamic-api:1.0.15.302] AndroidManifest.xml:17:13-30
99        <meta-data
99-->[com.huawei.hms:availableupdate:5.1.0.300] AndroidManifest.xml:23:9-25:35
100            android:name="availableLoaded"
100-->[com.huawei.hms:availableupdate:5.1.0.300] AndroidManifest.xml:24:13-43
101            android:value="yes" />
101-->[com.huawei.hms:availableupdate:5.1.0.300] AndroidManifest.xml:25:13-32
102
103        <provider
103-->[com.huawei.hms:availableupdate:5.1.0.300] AndroidManifest.xml:27:9-32:20
104            android:name="com.huawei.hms.update.provider.UpdateProvider"
104-->[com.huawei.hms:availableupdate:5.1.0.300] AndroidManifest.xml:28:13-73
105            android:authorities="com.hms.referenceapp.muhit.hms.update.provider"
105-->[com.huawei.hms:availableupdate:5.1.0.300] AndroidManifest.xml:29:13-71
106            android:exported="false"
106-->[com.huawei.hms:availableupdate:5.1.0.300] AndroidManifest.xml:30:13-37
107            android:grantUriPermissions="true" >
107-->[com.huawei.hms:availableupdate:5.1.0.300] AndroidManifest.xml:31:13-47
108        </provider>
109
110        <activity
110-->[com.huawei.hms:ui:5.1.0.300] AndroidManifest.xml:10:9-21:20
111            android:name="com.huawei.hms.activity.BridgeActivity"
111-->[com.huawei.hms:ui:5.1.0.300] AndroidManifest.xml:11:13-66
112            android:configChanges="orientation|locale|layoutDirection|fontScale|screenSize|smallestScreenSize|screenLayout|uiMode"
112-->[com.huawei.hms:ui:5.1.0.300] AndroidManifest.xml:12:13-131
113            android:excludeFromRecents="true"
113-->[com.huawei.hms:ui:5.1.0.300] AndroidManifest.xml:13:13-46
114            android:exported="false"
114-->[com.huawei.hms:ui:5.1.0.300] AndroidManifest.xml:14:13-37
115            android:hardwareAccelerated="true"
115-->[com.huawei.hms:ui:5.1.0.300] AndroidManifest.xml:15:13-47
116            android:screenOrientation="behind"
116-->[com.huawei.hms:ui:5.1.0.300] AndroidManifest.xml:16:13-47
117            android:theme="@android:style/Theme.Translucent" >
117-->[com.huawei.hms:ui:5.1.0.300] AndroidManifest.xml:17:13-61
118            <meta-data
118-->[com.huawei.hms:ui:5.1.0.300] AndroidManifest.xml:18:13-20:77
119                android:name="hwc-theme"
119-->[com.huawei.hms:ui:5.1.0.300] AndroidManifest.xml:19:17-41
120                android:value="androidhwext:style/Theme.Emui.Translucent" />
120-->[com.huawei.hms:ui:5.1.0.300] AndroidManifest.xml:20:17-74
121        </activity>
122        <activity
122-->[com.huawei.hms:ui:5.1.0.300] AndroidManifest.xml:22:9-26:20
123            android:name="com.huawei.hms.activity.EnableServiceActivity"
123-->[com.huawei.hms:ui:5.1.0.300] AndroidManifest.xml:23:13-73
124            android:configChanges="orientation|keyboardHidden|screenSize|smallestScreenSize|screenLayout"
124-->[com.huawei.hms:ui:5.1.0.300] AndroidManifest.xml:24:13-106
125            android:exported="false" >
125-->[com.huawei.hms:ui:5.1.0.300] AndroidManifest.xml:25:13-37
126        </activity>
127
128        <provider
128-->[com.huawei.agconnect:agconnect-core:1.4.2.300] AndroidManifest.xml:11:9-14:40
129            android:name="com.huawei.agconnect.core.provider.AGConnectInitializeProvider"
129-->[com.huawei.agconnect:agconnect-core:1.4.2.300] AndroidManifest.xml:12:13-90
130            android:authorities="com.hms.referenceapp.muhit.AGCInitializeProvider"
130-->[com.huawei.agconnect:agconnect-core:1.4.2.300] AndroidManifest.xml:13:13-73
131            android:exported="false" />
131-->[com.huawei.agconnect:agconnect-core:1.4.2.300] AndroidManifest.xml:14:13-37
132
133        <service
133-->[com.huawei.agconnect:agconnect-core:1.4.2.300] AndroidManifest.xml:16:9-18:40
134            android:name="com.huawei.agconnect.core.ServiceDiscovery"
134-->[com.huawei.agconnect:agconnect-core:1.4.2.300] AndroidManifest.xml:17:13-70
135            android:exported="false" />
135-->[com.huawei.agconnect:agconnect-core:1.4.2.300] AndroidManifest.xml:18:13-37
136
137        <activity
137-->[com.huawei.hms:update:2.0.7.302] AndroidManifest.xml:21:9-29:20
138            android:name="com.huawei.updatesdk.service.otaupdate.AppUpdateActivity"
138-->[com.huawei.hms:update:2.0.7.302] AndroidManifest.xml:22:13-84
139            android:configChanges="orientation|screenSize"
139-->[com.huawei.hms:update:2.0.7.302] AndroidManifest.xml:23:13-59
140            android:exported="false"
140-->[com.huawei.hms:update:2.0.7.302] AndroidManifest.xml:24:13-37
141            android:theme="@android:style/Theme.Translucent.NoTitleBar" >
141-->[com.huawei.hms:update:2.0.7.302] AndroidManifest.xml:25:13-72
142            <meta-data
142-->[com.huawei.hms:ui:5.1.0.300] AndroidManifest.xml:18:13-20:77
143                android:name="hwc-theme"
143-->[com.huawei.hms:ui:5.1.0.300] AndroidManifest.xml:19:17-41
144                android:value="androidhwext:style/Theme.Emui.Translucent.NoTitleBar" />
144-->[com.huawei.hms:ui:5.1.0.300] AndroidManifest.xml:20:17-74
145        </activity>
146        <activity
146-->[com.huawei.hms:update:2.0.7.302] AndroidManifest.xml:30:9-38:20
147            android:name="com.huawei.updatesdk.support.pm.PackageInstallerActivity"
147-->[com.huawei.hms:update:2.0.7.302] AndroidManifest.xml:31:13-84
148            android:configChanges="orientation|keyboardHidden|screenSize"
148-->[com.huawei.hms:update:2.0.7.302] AndroidManifest.xml:32:13-74
149            android:exported="false"
149-->[com.huawei.hms:update:2.0.7.302] AndroidManifest.xml:33:13-37
150            android:theme="@android:style/Theme.Translucent.NoTitleBar" >
150-->[com.huawei.hms:update:2.0.7.302] AndroidManifest.xml:34:13-72
151            <meta-data
151-->[com.huawei.hms:ui:5.1.0.300] AndroidManifest.xml:18:13-20:77
152                android:name="hwc-theme"
152-->[com.huawei.hms:ui:5.1.0.300] AndroidManifest.xml:19:17-41
153                android:value="androidhwext:style/Theme.Emui.Translucent" />
153-->[com.huawei.hms:ui:5.1.0.300] AndroidManifest.xml:20:17-74
154        </activity>
155
156        <provider
156-->[com.huawei.hms:update:2.0.7.302] AndroidManifest.xml:40:9-45:20
157            android:name="com.huawei.updatesdk.fileprovider.UpdateSdkFileProvider"
157-->[com.huawei.hms:update:2.0.7.302] AndroidManifest.xml:41:13-83
158            android:authorities="com.hms.referenceapp.muhit.updateSdk.fileProvider"
158-->[com.huawei.hms:update:2.0.7.302] AndroidManifest.xml:42:13-74
159            android:exported="false"
159-->[com.huawei.hms:update:2.0.7.302] AndroidManifest.xml:43:13-37
160            android:grantUriPermissions="true" >
160-->[com.huawei.hms:update:2.0.7.302] AndroidManifest.xml:44:13-47
161        </provider>
162
163        <uses-library
163-->[com.huawei.android.hms:security-ssl:1.1.5.302] AndroidManifest.xml:10:9-12:40
164            android:name="org.apache.http.legacy"
164-->[com.huawei.android.hms:security-ssl:1.1.5.302] AndroidManifest.xml:11:13-50
165            android:required="false" />
165-->[com.huawei.android.hms:security-ssl:1.1.5.302] AndroidManifest.xml:12:13-37
166    </application>
167
168</manifest>